{"uuid":"0c948f4d-f082-4d2b-9db5-b4bf3a62681b","historyId":"ed4a7411e3bb0312338680827366803a","testCaseId":"a1429d2fb8bdc3c64dcd5bb1affa5534","fullName":"src/test/resources/features/login.feature:11","labels":[{"name":"host","value":"Srinivass-MacBook-Pro.local"},{"name":"thread","value":"25890@Srinivass-MacBook-Pro.local.main(1)"},{"name":"feature","value":"Login into Para bank"},{"name":"story","value":"User submitting details to customter care"},{"name":"suite","value":"Login into Para bank"},{"name":"testClass","value":"User submitting details to customter care"},{"name":"framework","value":"cucumber4jvm"},{"name":"language","value":"java"},{"name":"gherkin_uri","value":"file:///Users/srinivasrao/Documents/adler/Parabank/src/test/resources/features/login.feature"},{"name":"package","value":"src.test.resources.features.login_feature.Login into Para bank"}],"links":[],"name":"User submitting details to customter care","status":"broken","statusDetails":{"known":false,"muted":false,"flaky":false,"message":"Error {\n  message='SyntaxError: Failed to execute 'evaluate' on 'Document': The string '//p[contains(text(),'Thank you')' is not a valid XPath expression.\n    at Object.queryAll (<anonymous>:5979:25)\n    at InjectedScript._queryEngineAll (<anonymous>:6664:49)\n    at InjectedScript.querySelectorAll (<anonymous>:6651:30)\n    at InjectedScript.querySelector (<anonymous>:6576:25)\n    at eval (eval at evaluate (:290:30), <anonymous>:2:34)\n    at UtilityScript.evaluate (<anonymous>:292:16)\n    at UtilityScript.<anonymous> (<anonymous>:1:44)\n  name='Error\n  stack='Error: SyntaxError: Failed to execute 'evaluate' on 'Document': The string '//p[contains(text(),'Thank you')' is not a valid XPath expression.\n    at Object.queryAll (<anonymous>:5979:25)\n    at InjectedScript._queryEngineAll (<anonymous>:6664:49)\n    at InjectedScript.querySelectorAll (<anonymous>:6651:30)\n    at InjectedScript.querySelector (<anonymous>:6576:25)\n    at eval (eval at evaluate (:290:30), <anonymous>:2:34)\n    at UtilityScript.evaluate (<anonymous>:292:16)\n    at UtilityScript.<anonymous> (<anonymous>:1:44)\n    at CRExecutionContext.evaluateWithArguments (/private/var/folders/v5/dvvw06px0d1546yb88yrx_cw0000gn/T/playwright-java-4798217220585329792/package/lib/server/chromium/crExecutionContext.js:80:13)\n    at async LongStandingScope._race (/private/var/folders/v5/dvvw06px0d1546yb88yrx_cw0000gn/T/playwright-java-4798217220585329792/package/lib/utils/isomorphic/manualPromise.js:94:14)\n    at async evaluateExpression (/private/var/folders/v5/dvvw06px0d1546yb88yrx_cw0000gn/T/playwright-java-4798217220585329792/package/lib/server/javascript.js:217:12)\n    at async Frame.isVisibleInternal (/private/var/folders/v5/dvvw06px0d1546yb88yrx_cw0000gn/T/playwright-java-4798217220585329792/package/lib/server/frames.js:1080:14)\n    at async Frame.isVisible (/private/var/folders/v5/dvvw06px0d1546yb88yrx_cw0000gn/T/playwright-java-4798217220585329792/package/lib/server/frames.js:1073:12)\n    at async FrameDispatcher.isVisible (/private/var/folders/v5/dvvw06px0d1546yb88yrx_cw0000gn/T/playwright-java-4798217220585329792/package/lib/server/dispatchers/frameDispatcher.js:174:21)\n    at async ProgressController.run (/private/var/folders/v5/dvvw06px0d1546yb88yrx_cw0000gn/T/playwright-java-4798217220585329792/package/lib/server/progress.js:78:22)\n    at async FrameDispatcher._runCommand (/private/var/folders/v5/dvvw06px0d1546yb88yrx_cw0000gn/T/playwright-java-4798217220585329792/package/lib/server/dispatchers/dispatcher.js:95:14)\n    at async DispatcherConnection.dispatch (/private/var/folders/v5/dvvw06px0d1546yb88yrx_cw0000gn/T/playwright-java-4798217220585329792/package/lib/server/dispatchers/dispatcher.js:329:22)\n}\nCall log:\n-     - checking visibility of locator(\"//p[contains(text(),'Thank you')\")\n","trace":"com.microsoft.playwright.PlaywrightException: Error {\n  message='SyntaxError: Failed to execute 'evaluate' on 'Document': The string '//p[contains(text(),'Thank you')' is not a valid XPath expression.\n    at Object.queryAll (<anonymous>:5979:25)\n    at InjectedScript._queryEngineAll (<anonymous>:6664:49)\n    at InjectedScript.querySelectorAll (<anonymous>:6651:30)\n    at InjectedScript.querySelector (<anonymous>:6576:25)\n    at eval (eval at evaluate (:290:30), <anonymous>:2:34)\n    at UtilityScript.evaluate (<anonymous>:292:16)\n    at UtilityScript.<anonymous> (<anonymous>:1:44)\n  name='Error\n  stack='Error: SyntaxError: Failed to execute 'evaluate' on 'Document': The string '//p[contains(text(),'Thank you')' is not a valid XPath expression.\n    at Object.queryAll (<anonymous>:5979:25)\n    at InjectedScript._queryEngineAll (<anonymous>:6664:49)\n    at InjectedScript.querySelectorAll (<anonymous>:6651:30)\n    at InjectedScript.querySelector (<anonymous>:6576:25)\n    at eval (eval at evaluate (:290:30), <anonymous>:2:34)\n    at UtilityScript.evaluate (<anonymous>:292:16)\n    at UtilityScript.<anonymous> (<anonymous>:1:44)\n    at CRExecutionContext.evaluateWithArguments (/private/var/folders/v5/dvvw06px0d1546yb88yrx_cw0000gn/T/playwright-java-4798217220585329792/package/lib/server/chromium/crExecutionContext.js:80:13)\n    at async LongStandingScope._race (/private/var/folders/v5/dvvw06px0d1546yb88yrx_cw0000gn/T/playwright-java-4798217220585329792/package/lib/utils/isomorphic/manualPromise.js:94:14)\n    at async evaluateExpression (/private/var/folders/v5/dvvw06px0d1546yb88yrx_cw0000gn/T/playwright-java-4798217220585329792/package/lib/server/javascript.js:217:12)\n    at async Frame.isVisibleInternal (/private/var/folders/v5/dvvw06px0d1546yb88yrx_cw0000gn/T/playwright-java-4798217220585329792/package/lib/server/frames.js:1080:14)\n    at async Frame.isVisible (/private/var/folders/v5/dvvw06px0d1546yb88yrx_cw0000gn/T/playwright-java-4798217220585329792/package/lib/server/frames.js:1073:12)\n    at async FrameDispatcher.isVisible (/private/var/folders/v5/dvvw06px0d1546yb88yrx_cw0000gn/T/playwright-java-4798217220585329792/package/lib/server/dispatchers/frameDispatcher.js:174:21)\n    at async ProgressController.run (/private/var/folders/v5/dvvw06px0d1546yb88yrx_cw0000gn/T/playwright-java-4798217220585329792/package/lib/server/progress.js:78:22)\n    at async FrameDispatcher._runCommand (/private/var/folders/v5/dvvw06px0d1546yb88yrx_cw0000gn/T/playwright-java-4798217220585329792/package/lib/server/dispatchers/dispatcher.js:95:14)\n    at async DispatcherConnection.dispatch (/private/var/folders/v5/dvvw06px0d1546yb88yrx_cw0000gn/T/playwright-java-4798217220585329792/package/lib/server/dispatchers/dispatcher.js:329:22)\n}\nCall log:\n-     - checking visibility of locator(\"//p[contains(text(),'Thank you')\")\n\n\tat com.microsoft.playwright.impl.WaitableResult.get(WaitableResult.java:56)\n\tat com.microsoft.playwright.impl.ChannelOwner.runUntil(ChannelOwner.java:138)\n\tat com.microsoft.playwright.impl.Connection.sendMessage(Connection.java:131)\n\tat com.microsoft.playwright.impl.ChannelOwner.sendMessage(ChannelOwner.java:124)\n\tat com.microsoft.playwright.impl.FrameImpl.isVisibleImpl(FrameImpl.java:597)\n\tat com.microsoft.playwright.impl.FrameImpl.isVisible(FrameImpl.java:583)\n\tat com.microsoft.playwright.impl.LocatorImpl.isVisible(LocatorImpl.java:426)\n\tat com.microsoft.playwright.Locator.isVisible(Locator.java:4117)\n\tat com.parabank.core.CoreFunctions.isDisplayed(CoreFunctions.java:22)\n\tat com.parabank.pages.CustomerCarePage.isThanksMessageDisplayed(CustomerCarePage.java:53)\n\tat com.parabank.steps.LoginSteps.user_can_see_thanks_message(LoginSteps.java:75)\n\tat ✽.user can see Thanks message(file:///Users/srinivasrao/Documents/adler/Parabank/src/test/resources/features/login.feature:16)\nCaused by: com.microsoft.playwright.impl.DriverException: Error {\n  message='SyntaxError: Failed to execute 'evaluate' on 'Document': The string '//p[contains(text(),'Thank you')' is not a valid XPath expression.\n    at Object.queryAll (<anonymous>:5979:25)\n    at InjectedScript._queryEngineAll (<anonymous>:6664:49)\n    at InjectedScript.querySelectorAll (<anonymous>:6651:30)\n    at InjectedScript.querySelector (<anonymous>:6576:25)\n    at eval (eval at evaluate (:290:30), <anonymous>:2:34)\n    at UtilityScript.evaluate (<anonymous>:292:16)\n    at UtilityScript.<anonymous> (<anonymous>:1:44)\n  name='Error\n  stack='Error: SyntaxError: Failed to execute 'evaluate' on 'Document': The string '//p[contains(text(),'Thank you')' is not a valid XPath expression.\n    at Object.queryAll (<anonymous>:5979:25)\n    at InjectedScript._queryEngineAll (<anonymous>:6664:49)\n    at InjectedScript.querySelectorAll (<anonymous>:6651:30)\n    at InjectedScript.querySelector (<anonymous>:6576:25)\n    at eval (eval at evaluate (:290:30), <anonymous>:2:34)\n    at UtilityScript.evaluate (<anonymous>:292:16)\n    at UtilityScript.<anonymous> (<anonymous>:1:44)\n    at CRExecutionContext.evaluateWithArguments (/private/var/folders/v5/dvvw06px0d1546yb88yrx_cw0000gn/T/playwright-java-4798217220585329792/package/lib/server/chromium/crExecutionContext.js:80:13)\n    at async LongStandingScope._race (/private/var/folders/v5/dvvw06px0d1546yb88yrx_cw0000gn/T/playwright-java-4798217220585329792/package/lib/utils/isomorphic/manualPromise.js:94:14)\n    at async evaluateExpression (/private/var/folders/v5/dvvw06px0d1546yb88yrx_cw0000gn/T/playwright-java-4798217220585329792/package/lib/server/javascript.js:217:12)\n    at async Frame.isVisibleInternal (/private/var/folders/v5/dvvw06px0d1546yb88yrx_cw0000gn/T/playwright-java-4798217220585329792/package/lib/server/frames.js:1080:14)\n    at async Frame.isVisible (/private/var/folders/v5/dvvw06px0d1546yb88yrx_cw0000gn/T/playwright-java-4798217220585329792/package/lib/server/frames.js:1073:12)\n    at async FrameDispatcher.isVisible (/private/var/folders/v5/dvvw06px0d1546yb88yrx_cw0000gn/T/playwright-java-4798217220585329792/package/lib/server/dispatchers/frameDispatcher.js:174:21)\n    at async ProgressController.run (/private/var/folders/v5/dvvw06px0d1546yb88yrx_cw0000gn/T/playwright-java-4798217220585329792/package/lib/server/progress.js:78:22)\n    at async FrameDispatcher._runCommand (/private/var/folders/v5/dvvw06px0d1546yb88yrx_cw0000gn/T/playwright-java-4798217220585329792/package/lib/server/dispatchers/dispatcher.js:95:14)\n    at async DispatcherConnection.dispatch (/private/var/folders/v5/dvvw06px0d1546yb88yrx_cw0000gn/T/playwright-java-4798217220585329792/package/lib/server/dispatchers/dispatcher.js:329:22)\n}\nCall log:\n-     - checking visibility of locator(\"//p[contains(text(),'Thank you')\")\n\n\tat com.microsoft.playwright.impl.Connection.dispatch(Connection.java:262)\n\tat com.microsoft.playwright.impl.Connection.processOneMessage(Connection.java:214)\n\tat com.microsoft.playwright.impl.ChannelOwner.runUntil(ChannelOwner.java:136)\n\tat com.microsoft.playwright.impl.Connection.sendMessage(Connection.java:131)\n\tat com.microsoft.playwright.impl.ChannelOwner.sendMessage(ChannelOwner.java:124)\n\tat com.microsoft.playwright.impl.FrameImpl.isVisibleImpl(FrameImpl.java:597)\n\tat com.microsoft.playwright.impl.FrameImpl.isVisible(FrameImpl.java:583)\n\tat com.microsoft.playwright.impl.LocatorImpl.isVisible(LocatorImpl.java:426)\n\tat com.microsoft.playwright.Locator.isVisible(Locator.java:4117)\n\tat com.parabank.core.CoreFunctions.isDisplayed(CoreFunctions.java:22)\n\tat com.parabank.pages.CustomerCarePage.isThanksMessageDisplayed(CustomerCarePage.java:53)\n\tat com.parabank.steps.LoginSteps.user_can_see_thanks_message(LoginSteps.java:75)\n\tat java.base/jdk.internal.reflect.DirectMethodHandleAccessor.invoke(DirectMethodHandleAccessor.java:103)\n\tat java.base/java.lang.reflect.Method.invoke(Method.java:580)\n\tat io.cucumber.java.Invoker.doInvoke(Invoker.java:66)\n\tat io.cucumber.java.Invoker.invoke(Invoker.java:24)\n\tat io.cucumber.java.AbstractGlueDefinition.invokeMethod(AbstractGlueDefinition.java:47)\n\tat io.cucumber.java.JavaStepDefinition.execute(JavaStepDefinition.java:29)\n\tat io.cucumber.core.runner.CoreStepDefinition.execute(CoreStepDefinition.java:66)\n\tat io.cucumber.core.runner.PickleStepDefinitionMatch.runStep(PickleStepDefinitionMatch.java:63)\n\tat io.cucumber.core.runner.ExecutionMode$1.execute(ExecutionMode.java:10)\n\tat io.cucumber.core.runner.TestStep.executeStep(TestStep.java:84)\n\tat io.cucumber.core.runner.TestStep.run(TestStep.java:56)\n\tat io.cucumber.core.runner.PickleStepTestStep.run(PickleStepTestStep.java:51)\n\tat io.cucumber.core.runner.TestCase.run(TestCase.java:84)\n\tat io.cucumber.core.runner.Runner.runPickle(Runner.java:75)\n\tat io.cucumber.testng.TestNGCucumberRunner.lambda$runScenario$1(TestNGCucumberRunner.java:132)\n\tat io.cucumber.core.runtime.CucumberExecutionContext.lambda$runTestCase$5(CucumberExecutionContext.java:137)\n\tat io.cucumber.core.runtime.RethrowingThrowableCollector.executeAndThrow(RethrowingThrowableCollector.java:23)\n\tat io.cucumber.core.runtime.CucumberExecutionContext.runTestCase(CucumberExecutionContext.java:137)\n\tat io.cucumber.testng.TestNGCucumberRunner.runScenario(TestNGCucumberRunner.java:129)\n\tat io.cucumber.testng.AbstractTestNGCucumberTests.runScenario(AbstractTestNGCucumberTests.java:35)\n\tat java.base/jdk.internal.reflect.DirectMethodHandleAccessor.invoke(DirectMethodHandleAccessor.java:103)\n\tat java.base/java.lang.reflect.Method.invoke(Method.java:580)\n\tat org.testng.internal.invokers.MethodInvocationHelper.invokeMethod(MethodInvocationHelper.java:141)\n\tat org.testng.internal.invokers.TestInvoker.invokeMethod(TestInvoker.java:687)\n\tat org.testng.internal.invokers.TestInvoker.invokeTestMethod(TestInvoker.java:230)\n\tat org.testng.internal.invokers.MethodRunner.runInSequence(MethodRunner.java:63)\n\tat org.testng.internal.invokers.TestInvoker$MethodInvocationAgent.invoke(TestInvoker.java:995)\n\tat org.testng.internal.invokers.TestInvoker.invokeTestMethods(TestInvoker.java:203)\n\tat org.testng.internal.invokers.TestMethodWorker.invokeTestMethods(TestMethodWorker.java:154)\n\tat org.testng.internal.invokers.TestMethodWorker.run(TestMethodWorker.java:134)\n\tat java.base/java.util.ArrayList.forEach(ArrayList.java:1596)\n\tat org.testng.TestRunner.privateRun(TestRunner.java:741)\n\tat org.testng.TestRunner.run(TestRunner.java:616)\n\tat org.testng.SuiteRunner.runTest(SuiteRunner.java:421)\n\tat org.testng.SuiteRunner.runSequentially(SuiteRunner.java:413)\n\tat org.testng.SuiteRunner.privateRun(SuiteRunner.java:373)\n\tat org.testng.SuiteRunner.run(SuiteRunner.java:312)\n\tat org.testng.SuiteRunnerWorker.runSuite(SuiteRunnerWorker.java:52)\n\tat org.testng.SuiteRunnerWorker.run(SuiteRunnerWorker.java:95)\n\tat org.testng.TestNG.runSuitesSequentially(TestNG.java:1274)\n\tat org.testng.TestNG.runSuitesLocally(TestNG.java:1208)\n\tat org.testng.TestNG.runSuites(TestNG.java:1112)\n\tat org.testng.TestNG.run(TestNG.java:1079)\n\tat org.testng.remote.AbstractRemoteTestNG.run(AbstractRemoteTestNG.java:115)\n\tat org.testng.remote.RemoteTestNG.initAndRun(RemoteTestNG.java:293)\n\tat org.testng.remote.RemoteTestNG.main(RemoteTestNG.java:91)\n"},"stage":"finished","steps":[{"name":"Given user is on landing page","status":"passed","statusDetails":{"known":false,"muted":false,"flaky":false},"stage":"finished","steps":[],"attachments":[],"parameters":[],"start":1764681760190,"stop":1764681763162},{"name":"When user clicks on contactus","status":"passed","statusDetails":{"known":false,"muted":false,"flaky":false},"stage":"finished","steps":[],"attachments":[],"parameters":[],"start":1764681763163,"stop":1764681763976},{"name":"And user submits contact us form","status":"passed","statusDetails":{"known":false,"muted":false,"flaky":false},"stage":"finished","steps":[],"attachments":[{"name":"Data table","source":"de4edb84-7c0c-490d-82af-4e96d231e1e7-attachment.csv","type":"text/tab-separated-values"}],"parameters":[],"start":1764681763976,"stop":1764681764341},{"name":"Then user can see Thanks message","status":"broken","statusDetails":{"known":false,"muted":false,"flaky":false,"message":"Error {\n  message='SyntaxError: Failed to execute 'evaluate' on 'Document': The string '//p[contains(text(),'Thank you')' is not a valid XPath expression.\n    at Object.queryAll (<anonymous>:5979:25)\n    at InjectedScript._queryEngineAll (<anonymous>:6664:49)\n    at InjectedScript.querySelectorAll (<anonymous>:6651:30)\n    at InjectedScript.querySelector (<anonymous>:6576:25)\n    at eval (eval at evaluate (:290:30), <anonymous>:2:34)\n    at UtilityScript.evaluate (<anonymous>:292:16)\n    at UtilityScript.<anonymous> (<anonymous>:1:44)\n  name='Error\n  stack='Error: SyntaxError: Failed to execute 'evaluate' on 'Document': The string '//p[contains(text(),'Thank you')' is not a valid XPath expression.\n    at Object.queryAll (<anonymous>:5979:25)\n    at InjectedScript._queryEngineAll (<anonymous>:6664:49)\n    at InjectedScript.querySelectorAll (<anonymous>:6651:30)\n    at InjectedScript.querySelector (<anonymous>:6576:25)\n    at eval (eval at evaluate (:290:30), <anonymous>:2:34)\n    at UtilityScript.evaluate (<anonymous>:292:16)\n    at UtilityScript.<anonymous> (<anonymous>:1:44)\n    at CRExecutionContext.evaluateWithArguments (/private/var/folders/v5/dvvw06px0d1546yb88yrx_cw0000gn/T/playwright-java-4798217220585329792/package/lib/server/chromium/crExecutionContext.js:80:13)\n    at async LongStandingScope._race (/private/var/folders/v5/dvvw06px0d1546yb88yrx_cw0000gn/T/playwright-java-4798217220585329792/package/lib/utils/isomorphic/manualPromise.js:94:14)\n    at async evaluateExpression (/private/var/folders/v5/dvvw06px0d1546yb88yrx_cw0000gn/T/playwright-java-4798217220585329792/package/lib/server/javascript.js:217:12)\n    at async Frame.isVisibleInternal (/private/var/folders/v5/dvvw06px0d1546yb88yrx_cw0000gn/T/playwright-java-4798217220585329792/package/lib/server/frames.js:1080:14)\n    at async Frame.isVisible (/private/var/folders/v5/dvvw06px0d1546yb88yrx_cw0000gn/T/playwright-java-4798217220585329792/package/lib/server/frames.js:1073:12)\n    at async FrameDispatcher.isVisible (/private/var/folders/v5/dvvw06px0d1546yb88yrx_cw0000gn/T/playwright-java-4798217220585329792/package/lib/server/dispatchers/frameDispatcher.js:174:21)\n    at async ProgressController.run (/private/var/folders/v5/dvvw06px0d1546yb88yrx_cw0000gn/T/playwright-java-4798217220585329792/package/lib/server/progress.js:78:22)\n    at async FrameDispatcher._runCommand (/private/var/folders/v5/dvvw06px0d1546yb88yrx_cw0000gn/T/playwright-java-4798217220585329792/package/lib/server/dispatchers/dispatcher.js:95:14)\n    at async DispatcherConnection.dispatch (/private/var/folders/v5/dvvw06px0d1546yb88yrx_cw0000gn/T/playwright-java-4798217220585329792/package/lib/server/dispatchers/dispatcher.js:329:22)\n}\nCall log:\n-     - checking visibility of locator(\"//p[contains(text(),'Thank you')\")\n","trace":"com.microsoft.playwright.PlaywrightException: Error {\n  message='SyntaxError: Failed to execute 'evaluate' on 'Document': The string '//p[contains(text(),'Thank you')' is not a valid XPath expression.\n    at Object.queryAll (<anonymous>:5979:25)\n    at InjectedScript._queryEngineAll (<anonymous>:6664:49)\n    at InjectedScript.querySelectorAll (<anonymous>:6651:30)\n    at InjectedScript.querySelector (<anonymous>:6576:25)\n    at eval (eval at evaluate (:290:30), <anonymous>:2:34)\n    at UtilityScript.evaluate (<anonymous>:292:16)\n    at UtilityScript.<anonymous> (<anonymous>:1:44)\n  name='Error\n  stack='Error: SyntaxError: Failed to execute 'evaluate' on 'Document': The string '//p[contains(text(),'Thank you')' is not a valid XPath expression.\n    at Object.queryAll (<anonymous>:5979:25)\n    at InjectedScript._queryEngineAll (<anonymous>:6664:49)\n    at InjectedScript.querySelectorAll (<anonymous>:6651:30)\n    at InjectedScript.querySelector (<anonymous>:6576:25)\n    at eval (eval at evaluate (:290:30), <anonymous>:2:34)\n    at UtilityScript.evaluate (<anonymous>:292:16)\n    at UtilityScript.<anonymous> (<anonymous>:1:44)\n    at CRExecutionContext.evaluateWithArguments (/private/var/folders/v5/dvvw06px0d1546yb88yrx_cw0000gn/T/playwright-java-4798217220585329792/package/lib/server/chromium/crExecutionContext.js:80:13)\n    at async LongStandingScope._race (/private/var/folders/v5/dvvw06px0d1546yb88yrx_cw0000gn/T/playwright-java-4798217220585329792/package/lib/utils/isomorphic/manualPromise.js:94:14)\n    at async evaluateExpression (/private/var/folders/v5/dvvw06px0d1546yb88yrx_cw0000gn/T/playwright-java-4798217220585329792/package/lib/server/javascript.js:217:12)\n    at async Frame.isVisibleInternal (/private/var/folders/v5/dvvw06px0d1546yb88yrx_cw0000gn/T/playwright-java-4798217220585329792/package/lib/server/frames.js:1080:14)\n    at async Frame.isVisible (/private/var/folders/v5/dvvw06px0d1546yb88yrx_cw0000gn/T/playwright-java-4798217220585329792/package/lib/server/frames.js:1073:12)\n    at async FrameDispatcher.isVisible (/private/var/folders/v5/dvvw06px0d1546yb88yrx_cw0000gn/T/playwright-java-4798217220585329792/package/lib/server/dispatchers/frameDispatcher.js:174:21)\n    at async ProgressController.run (/private/var/folders/v5/dvvw06px0d1546yb88yrx_cw0000gn/T/playwright-java-4798217220585329792/package/lib/server/progress.js:78:22)\n    at async FrameDispatcher._runCommand (/private/var/folders/v5/dvvw06px0d1546yb88yrx_cw0000gn/T/playwright-java-4798217220585329792/package/lib/server/dispatchers/dispatcher.js:95:14)\n    at async DispatcherConnection.dispatch (/private/var/folders/v5/dvvw06px0d1546yb88yrx_cw0000gn/T/playwright-java-4798217220585329792/package/lib/server/dispatchers/dispatcher.js:329:22)\n}\nCall log:\n-     - checking visibility of locator(\"//p[contains(text(),'Thank you')\")\n\n\tat com.microsoft.playwright.impl.WaitableResult.get(WaitableResult.java:56)\n\tat com.microsoft.playwright.impl.ChannelOwner.runUntil(ChannelOwner.java:138)\n\tat com.microsoft.playwright.impl.Connection.sendMessage(Connection.java:131)\n\tat com.microsoft.playwright.impl.ChannelOwner.sendMessage(ChannelOwner.java:124)\n\tat com.microsoft.playwright.impl.FrameImpl.isVisibleImpl(FrameImpl.java:597)\n\tat com.microsoft.playwright.impl.FrameImpl.isVisible(FrameImpl.java:583)\n\tat com.microsoft.playwright.impl.LocatorImpl.isVisible(LocatorImpl.java:426)\n\tat com.microsoft.playwright.Locator.isVisible(Locator.java:4117)\n\tat com.parabank.core.CoreFunctions.isDisplayed(CoreFunctions.java:22)\n\tat com.parabank.pages.CustomerCarePage.isThanksMessageDisplayed(CustomerCarePage.java:53)\n\tat com.parabank.steps.LoginSteps.user_can_see_thanks_message(LoginSteps.java:75)\n\tat ✽.user can see Thanks message(file:///Users/srinivasrao/Documents/adler/Parabank/src/test/resources/features/login.feature:16)\nCaused by: com.microsoft.playwright.impl.DriverException: Error {\n  message='SyntaxError: Failed to execute 'evaluate' on 'Document': The string '//p[contains(text(),'Thank you')' is not a valid XPath expression.\n    at Object.queryAll (<anonymous>:5979:25)\n    at InjectedScript._queryEngineAll (<anonymous>:6664:49)\n    at InjectedScript.querySelectorAll (<anonymous>:6651:30)\n    at InjectedScript.querySelector (<anonymous>:6576:25)\n    at eval (eval at evaluate (:290:30), <anonymous>:2:34)\n    at UtilityScript.evaluate (<anonymous>:292:16)\n    at UtilityScript.<anonymous> (<anonymous>:1:44)\n  name='Error\n  stack='Error: SyntaxError: Failed to execute 'evaluate' on 'Document': The string '//p[contains(text(),'Thank you')' is not a valid XPath expression.\n    at Object.queryAll (<anonymous>:5979:25)\n    at InjectedScript._queryEngineAll (<anonymous>:6664:49)\n    at InjectedScript.querySelectorAll (<anonymous>:6651:30)\n    at InjectedScript.querySelector (<anonymous>:6576:25)\n    at eval (eval at evaluate (:290:30), <anonymous>:2:34)\n    at UtilityScript.evaluate (<anonymous>:292:16)\n    at UtilityScript.<anonymous> (<anonymous>:1:44)\n    at CRExecutionContext.evaluateWithArguments (/private/var/folders/v5/dvvw06px0d1546yb88yrx_cw0000gn/T/playwright-java-4798217220585329792/package/lib/server/chromium/crExecutionContext.js:80:13)\n    at async LongStandingScope._race (/private/var/folders/v5/dvvw06px0d1546yb88yrx_cw0000gn/T/playwright-java-4798217220585329792/package/lib/utils/isomorphic/manualPromise.js:94:14)\n    at async evaluateExpression (/private/var/folders/v5/dvvw06px0d1546yb88yrx_cw0000gn/T/playwright-java-4798217220585329792/package/lib/server/javascript.js:217:12)\n    at async Frame.isVisibleInternal (/private/var/folders/v5/dvvw06px0d1546yb88yrx_cw0000gn/T/playwright-java-4798217220585329792/package/lib/server/frames.js:1080:14)\n    at async Frame.isVisible (/private/var/folders/v5/dvvw06px0d1546yb88yrx_cw0000gn/T/playwright-java-4798217220585329792/package/lib/server/frames.js:1073:12)\n    at async FrameDispatcher.isVisible (/private/var/folders/v5/dvvw06px0d1546yb88yrx_cw0000gn/T/playwright-java-4798217220585329792/package/lib/server/dispatchers/frameDispatcher.js:174:21)\n    at async ProgressController.run (/private/var/folders/v5/dvvw06px0d1546yb88yrx_cw0000gn/T/playwright-java-4798217220585329792/package/lib/server/progress.js:78:22)\n    at async FrameDispatcher._runCommand (/private/var/folders/v5/dvvw06px0d1546yb88yrx_cw0000gn/T/playwright-java-4798217220585329792/package/lib/server/dispatchers/dispatcher.js:95:14)\n    at async DispatcherConnection.dispatch (/private/var/folders/v5/dvvw06px0d1546yb88yrx_cw0000gn/T/playwright-java-4798217220585329792/package/lib/server/dispatchers/dispatcher.js:329:22)\n}\nCall log:\n-     - checking visibility of locator(\"//p[contains(text(),'Thank you')\")\n\n\tat com.microsoft.playwright.impl.Connection.dispatch(Connection.java:262)\n\tat com.microsoft.playwright.impl.Connection.processOneMessage(Connection.java:214)\n\tat com.microsoft.playwright.impl.ChannelOwner.runUntil(ChannelOwner.java:136)\n\tat com.microsoft.playwright.impl.Connection.sendMessage(Connection.java:131)\n\tat com.microsoft.playwright.impl.ChannelOwner.sendMessage(ChannelOwner.java:124)\n\tat com.microsoft.playwright.impl.FrameImpl.isVisibleImpl(FrameImpl.java:597)\n\tat com.microsoft.playwright.impl.FrameImpl.isVisible(FrameImpl.java:583)\n\tat com.microsoft.playwright.impl.LocatorImpl.isVisible(LocatorImpl.java:426)\n\tat com.microsoft.playwright.Locator.isVisible(Locator.java:4117)\n\tat com.parabank.core.CoreFunctions.isDisplayed(CoreFunctions.java:22)\n\tat com.parabank.pages.CustomerCarePage.isThanksMessageDisplayed(CustomerCarePage.java:53)\n\tat com.parabank.steps.LoginSteps.user_can_see_thanks_message(LoginSteps.java:75)\n\tat java.base/jdk.internal.reflect.DirectMethodHandleAccessor.invoke(DirectMethodHandleAccessor.java:103)\n\tat java.base/java.lang.reflect.Method.invoke(Method.java:580)\n\tat io.cucumber.java.Invoker.doInvoke(Invoker.java:66)\n\tat io.cucumber.java.Invoker.invoke(Invoker.java:24)\n\tat io.cucumber.java.AbstractGlueDefinition.invokeMethod(AbstractGlueDefinition.java:47)\n\tat io.cucumber.java.JavaStepDefinition.execute(JavaStepDefinition.java:29)\n\tat io.cucumber.core.runner.CoreStepDefinition.execute(CoreStepDefinition.java:66)\n\tat io.cucumber.core.runner.PickleStepDefinitionMatch.runStep(PickleStepDefinitionMatch.java:63)\n\tat io.cucumber.core.runner.ExecutionMode$1.execute(ExecutionMode.java:10)\n\tat io.cucumber.core.runner.TestStep.executeStep(TestStep.java:84)\n\tat io.cucumber.core.runner.TestStep.run(TestStep.java:56)\n\tat io.cucumber.core.runner.PickleStepTestStep.run(PickleStepTestStep.java:51)\n\tat io.cucumber.core.runner.TestCase.run(TestCase.java:84)\n\tat io.cucumber.core.runner.Runner.runPickle(Runner.java:75)\n\tat io.cucumber.testng.TestNGCucumberRunner.lambda$runScenario$1(TestNGCucumberRunner.java:132)\n\tat io.cucumber.core.runtime.CucumberExecutionContext.lambda$runTestCase$5(CucumberExecutionContext.java:137)\n\tat io.cucumber.core.runtime.RethrowingThrowableCollector.executeAndThrow(RethrowingThrowableCollector.java:23)\n\tat io.cucumber.core.runtime.CucumberExecutionContext.runTestCase(CucumberExecutionContext.java:137)\n\tat io.cucumber.testng.TestNGCucumberRunner.runScenario(TestNGCucumberRunner.java:129)\n\tat io.cucumber.testng.AbstractTestNGCucumberTests.runScenario(AbstractTestNGCucumberTests.java:35)\n\tat java.base/jdk.internal.reflect.DirectMethodHandleAccessor.invoke(DirectMethodHandleAccessor.java:103)\n\tat java.base/java.lang.reflect.Method.invoke(Method.java:580)\n\tat org.testng.internal.invokers.MethodInvocationHelper.invokeMethod(MethodInvocationHelper.java:141)\n\tat org.testng.internal.invokers.TestInvoker.invokeMethod(TestInvoker.java:687)\n\tat org.testng.internal.invokers.TestInvoker.invokeTestMethod(TestInvoker.java:230)\n\tat org.testng.internal.invokers.MethodRunner.runInSequence(MethodRunner.java:63)\n\tat org.testng.internal.invokers.TestInvoker$MethodInvocationAgent.invoke(TestInvoker.java:995)\n\tat org.testng.internal.invokers.TestInvoker.invokeTestMethods(TestInvoker.java:203)\n\tat org.testng.internal.invokers.TestMethodWorker.invokeTestMethods(TestMethodWorker.java:154)\n\tat org.testng.internal.invokers.TestMethodWorker.run(TestMethodWorker.java:134)\n\tat java.base/java.util.ArrayList.forEach(ArrayList.java:1596)\n\tat org.testng.TestRunner.privateRun(TestRunner.java:741)\n\tat org.testng.TestRunner.run(TestRunner.java:616)\n\tat org.testng.SuiteRunner.runTest(SuiteRunner.java:421)\n\tat org.testng.SuiteRunner.runSequentially(SuiteRunner.java:413)\n\tat org.testng.SuiteRunner.privateRun(SuiteRunner.java:373)\n\tat org.testng.SuiteRunner.run(SuiteRunner.java:312)\n\tat org.testng.SuiteRunnerWorker.runSuite(SuiteRunnerWorker.java:52)\n\tat org.testng.SuiteRunnerWorker.run(SuiteRunnerWorker.java:95)\n\tat org.testng.TestNG.runSuitesSequentially(TestNG.java:1274)\n\tat org.testng.TestNG.runSuitesLocally(TestNG.java:1208)\n\tat org.testng.TestNG.runSuites(TestNG.java:1112)\n\tat org.testng.TestNG.run(TestNG.java:1079)\n\tat org.testng.remote.AbstractRemoteTestNG.run(AbstractRemoteTestNG.java:115)\n\tat org.testng.remote.RemoteTestNG.initAndRun(RemoteTestNG.java:293)\n\tat org.testng.remote.RemoteTestNG.main(RemoteTestNG.java:91)\n"},"stage":"finished","steps":[],"attachments":[],"parameters":[],"start":1764681764341,"stop":1764681764358}],"attachments":[],"parameters":[],"start":1764681760190,"stop":1764681764359}