{"uuid":"6e6a02f6-a5fb-4115-88e4-d5e73b41f2f3","historyId":"7adb2ce3f0c54c1217a418d00bdf1cb8","testCaseId":"4597669c7384535fbff4719a625dd30a","fullName":"src/test/resources/features/login.feature:3","labels":[{"name":"host","value":"Srinivass-MacBook-Pro.local"},{"name":"thread","value":"20005@Srinivass-MacBook-Pro.local.main(1)"},{"name":"feature","value":"Login into Para bank"},{"name":"story","value":"Login into para bank with valid credentials"},{"name":"suite","value":"Login into Para bank"},{"name":"testClass","value":"Login into para bank with valid credentials"},{"name":"framework","value":"cucumber4jvm"},{"name":"language","value":"java"},{"name":"gherkin_uri","value":"file:///Users/srinivasrao/Documents/adler/Parabank/src/test/resources/features/login.feature"},{"name":"package","value":"src.test.resources.features.login_feature.Login into Para bank"}],"links":[],"name":"Login into para bank with valid credentials","status":"broken","statusDetails":{"known":false,"muted":false,"flaky":false,"message":"Error {\n  message='Protocol error (Page.navigate): Cannot navigate to invalid URL\n  name='Error\n  stack='Error: Protocol error (Page.navigate): Cannot navigate to invalid URL\n    at /private/var/folders/v5/dvvw06px0d1546yb88yrx_cw0000gn/T/playwright-java-11618111062388944720/package/lib/server/chromium/crConnection.js:116:57\n    at new Promise (<anonymous>)\n    at CRSession.send (/private/var/folders/v5/dvvw06px0d1546yb88yrx_cw0000gn/T/playwright-java-11618111062388944720/package/lib/server/chromium/crConnection.js:115:12)\n    at FrameSession._navigate (/private/var/folders/v5/dvvw06px0d1546yb88yrx_cw0000gn/T/playwright-java-11618111062388944720/package/lib/server/chromium/crPage.js:487:41)\n    at CRPage.navigateFrame (/private/var/folders/v5/dvvw06px0d1546yb88yrx_cw0000gn/T/playwright-java-11618111062388944720/package/lib/server/chromium/crPage.js:134:41)\n    at Frame.gotoImpl (/private/var/folders/v5/dvvw06px0d1546yb88yrx_cw0000gn/T/playwright-java-11618111062388944720/package/lib/server/frames.js:517:68)\n    at /private/var/folders/v5/dvvw06px0d1546yb88yrx_cw0000gn/T/playwright-java-11618111062388944720/package/lib/server/frames.js:500:65\n    at Frame.raceNavigationAction (/private/var/folders/v5/dvvw06px0d1546yb88yrx_cw0000gn/T/playwright-java-11618111062388944720/package/lib/server/frames.js:478:8)\n    at Frame.goto (/private/var/folders/v5/dvvw06px0d1546yb88yrx_cw0000gn/T/playwright-java-11618111062388944720/package/lib/server/frames.js:500:17)\n    at FrameDispatcher.goto (/private/var/folders/v5/dvvw06px0d1546yb88yrx_cw0000gn/T/playwright-java-11618111062388944720/package/lib/server/dispatchers/frameDispatcher.js:70:132)\n}\nCall log:\n-   - navigating to \"\", waiting until \"load\"\n","trace":"com.microsoft.playwright.PlaywrightException: Error {\n  message='Protocol error (Page.navigate): Cannot navigate to invalid URL\n  name='Error\n  stack='Error: Protocol error (Page.navigate): Cannot navigate to invalid URL\n    at /private/var/folders/v5/dvvw06px0d1546yb88yrx_cw0000gn/T/playwright-java-11618111062388944720/package/lib/server/chromium/crConnection.js:116:57\n    at new Promise (<anonymous>)\n    at CRSession.send (/private/var/folders/v5/dvvw06px0d1546yb88yrx_cw0000gn/T/playwright-java-11618111062388944720/package/lib/server/chromium/crConnection.js:115:12)\n    at FrameSession._navigate (/private/var/folders/v5/dvvw06px0d1546yb88yrx_cw0000gn/T/playwright-java-11618111062388944720/package/lib/server/chromium/crPage.js:487:41)\n    at CRPage.navigateFrame (/private/var/folders/v5/dvvw06px0d1546yb88yrx_cw0000gn/T/playwright-java-11618111062388944720/package/lib/server/chromium/crPage.js:134:41)\n    at Frame.gotoImpl (/private/var/folders/v5/dvvw06px0d1546yb88yrx_cw0000gn/T/playwright-java-11618111062388944720/package/lib/server/frames.js:517:68)\n    at /private/var/folders/v5/dvvw06px0d1546yb88yrx_cw0000gn/T/playwright-java-11618111062388944720/package/lib/server/frames.js:500:65\n    at Frame.raceNavigationAction (/private/var/folders/v5/dvvw06px0d1546yb88yrx_cw0000gn/T/playwright-java-11618111062388944720/package/lib/server/frames.js:478:8)\n    at Frame.goto (/private/var/folders/v5/dvvw06px0d1546yb88yrx_cw0000gn/T/playwright-java-11618111062388944720/package/lib/server/frames.js:500:17)\n    at FrameDispatcher.goto (/private/var/folders/v5/dvvw06px0d1546yb88yrx_cw0000gn/T/playwright-java-11618111062388944720/package/lib/server/dispatchers/frameDispatcher.js:70:132)\n}\nCall log:\n-   - navigating to \"\", waiting until \"load\"\n\n\tat com.microsoft.playwright.impl.WaitableResult.get(WaitableResult.java:56)\n\tat com.microsoft.playwright.impl.ChannelOwner.runUntil(ChannelOwner.java:138)\n\tat com.microsoft.playwright.impl.Connection.sendMessage(Connection.java:131)\n\tat com.microsoft.playwright.impl.ChannelOwner.sendMessage(ChannelOwner.java:124)\n\tat com.microsoft.playwright.impl.FrameImpl.navigateImpl(FrameImpl.java:419)\n\tat com.microsoft.playwright.impl.PageImpl.navigate(PageImpl.java:930)\n\tat com.microsoft.playwright.impl.PageImpl.navigate(PageImpl.java:43)\n\tat com.microsoft.playwright.Page.navigate(Page.java:5491)\n\tat com.parabank.steps.LoginSteps.user_is_on_landing_page(LoginSteps.java:28)\n\tat ✽.user is on landing page(file:///Users/srinivasrao/Documents/adler/Parabank/src/test/resources/features/login.feature:4)\nCaused by: com.microsoft.playwright.impl.DriverException: Error {\n  message='Protocol error (Page.navigate): Cannot navigate to invalid URL\n  name='Error\n  stack='Error: Protocol error (Page.navigate): Cannot navigate to invalid URL\n    at /private/var/folders/v5/dvvw06px0d1546yb88yrx_cw0000gn/T/playwright-java-11618111062388944720/package/lib/server/chromium/crConnection.js:116:57\n    at new Promise (<anonymous>)\n    at CRSession.send (/private/var/folders/v5/dvvw06px0d1546yb88yrx_cw0000gn/T/playwright-java-11618111062388944720/package/lib/server/chromium/crConnection.js:115:12)\n    at FrameSession._navigate (/private/var/folders/v5/dvvw06px0d1546yb88yrx_cw0000gn/T/playwright-java-11618111062388944720/package/lib/server/chromium/crPage.js:487:41)\n    at CRPage.navigateFrame (/private/var/folders/v5/dvvw06px0d1546yb88yrx_cw0000gn/T/playwright-java-11618111062388944720/package/lib/server/chromium/crPage.js:134:41)\n    at Frame.gotoImpl (/private/var/folders/v5/dvvw06px0d1546yb88yrx_cw0000gn/T/playwright-java-11618111062388944720/package/lib/server/frames.js:517:68)\n    at /private/var/folders/v5/dvvw06px0d1546yb88yrx_cw0000gn/T/playwright-java-11618111062388944720/package/lib/server/frames.js:500:65\n    at Frame.raceNavigationAction (/private/var/folders/v5/dvvw06px0d1546yb88yrx_cw0000gn/T/playwright-java-11618111062388944720/package/lib/server/frames.js:478:8)\n    at Frame.goto (/private/var/folders/v5/dvvw06px0d1546yb88yrx_cw0000gn/T/playwright-java-11618111062388944720/package/lib/server/frames.js:500:17)\n    at FrameDispatcher.goto (/private/var/folders/v5/dvvw06px0d1546yb88yrx_cw0000gn/T/playwright-java-11618111062388944720/package/lib/server/dispatchers/frameDispatcher.js:70:132)\n}\nCall log:\n-   - navigating to \"\", waiting until \"load\"\n\n\tat com.microsoft.playwright.impl.Connection.dispatch(Connection.java:262)\n\tat com.microsoft.playwright.impl.Connection.processOneMessage(Connection.java:214)\n\tat com.microsoft.playwright.impl.ChannelOwner.runUntil(ChannelOwner.java:136)\n\tat com.microsoft.playwright.impl.Connection.sendMessage(Connection.java:131)\n\tat com.microsoft.playwright.impl.ChannelOwner.sendMessage(ChannelOwner.java:124)\n\tat com.microsoft.playwright.impl.FrameImpl.navigateImpl(FrameImpl.java:419)\n\tat com.microsoft.playwright.impl.PageImpl.navigate(PageImpl.java:930)\n\tat com.microsoft.playwright.impl.PageImpl.navigate(PageImpl.java:43)\n\tat com.microsoft.playwright.Page.navigate(Page.java:5491)\n\tat com.parabank.steps.LoginSteps.user_is_on_landing_page(LoginSteps.java:28)\n\tat java.base/jdk.internal.reflect.DirectMethodHandleAccessor.invoke(DirectMethodHandleAccessor.java:103)\n\tat java.base/java.lang.reflect.Method.invoke(Method.java:580)\n\tat io.cucumber.java.Invoker.doInvoke(Invoker.java:66)\n\tat io.cucumber.java.Invoker.invoke(Invoker.java:24)\n\tat io.cucumber.java.AbstractGlueDefinition.invokeMethod(AbstractGlueDefinition.java:47)\n\tat io.cucumber.java.JavaStepDefinition.execute(JavaStepDefinition.java:29)\n\tat io.cucumber.core.runner.CoreStepDefinition.execute(CoreStepDefinition.java:66)\n\tat io.cucumber.core.runner.PickleStepDefinitionMatch.runStep(PickleStepDefinitionMatch.java:63)\n\tat io.cucumber.core.runner.ExecutionMode$1.execute(ExecutionMode.java:10)\n\tat io.cucumber.core.runner.TestStep.executeStep(TestStep.java:84)\n\tat io.cucumber.core.runner.TestStep.run(TestStep.java:56)\n\tat io.cucumber.core.runner.PickleStepTestStep.run(PickleStepTestStep.java:51)\n\tat io.cucumber.core.runner.TestCase.run(TestCase.java:84)\n\tat io.cucumber.core.runner.Runner.runPickle(Runner.java:75)\n\tat io.cucumber.testng.TestNGCucumberRunner.lambda$runScenario$1(TestNGCucumberRunner.java:132)\n\tat io.cucumber.core.runtime.CucumberExecutionContext.lambda$runTestCase$5(CucumberExecutionContext.java:137)\n\tat io.cucumber.core.runtime.RethrowingThrowableCollector.executeAndThrow(RethrowingThrowableCollector.java:23)\n\tat io.cucumber.core.runtime.CucumberExecutionContext.runTestCase(CucumberExecutionContext.java:137)\n\tat io.cucumber.testng.TestNGCucumberRunner.runScenario(TestNGCucumberRunner.java:129)\n\tat io.cucumber.testng.AbstractTestNGCucumberTests.runScenario(AbstractTestNGCucumberTests.java:35)\n\tat java.base/jdk.internal.reflect.DirectMethodHandleAccessor.invoke(DirectMethodHandleAccessor.java:103)\n\tat java.base/java.lang.reflect.Method.invoke(Method.java:580)\n\tat org.testng.internal.invokers.MethodInvocationHelper.invokeMethod(MethodInvocationHelper.java:141)\n\tat org.testng.internal.invokers.TestInvoker.invokeMethod(TestInvoker.java:687)\n\tat org.testng.internal.invokers.TestInvoker.invokeTestMethod(TestInvoker.java:230)\n\tat org.testng.internal.invokers.MethodRunner.runInSequence(MethodRunner.java:63)\n\tat org.testng.internal.invokers.TestInvoker$MethodInvocationAgent.invoke(TestInvoker.java:995)\n\tat org.testng.internal.invokers.TestInvoker.invokeTestMethods(TestInvoker.java:203)\n\tat org.testng.internal.invokers.TestMethodWorker.invokeTestMethods(TestMethodWorker.java:154)\n\tat org.testng.internal.invokers.TestMethodWorker.run(TestMethodWorker.java:134)\n\tat java.base/java.util.ArrayList.forEach(ArrayList.java:1596)\n\tat org.testng.TestRunner.privateRun(TestRunner.java:741)\n\tat org.testng.TestRunner.run(TestRunner.java:616)\n\tat org.testng.SuiteRunner.runTest(SuiteRunner.java:421)\n\tat org.testng.SuiteRunner.runSequentially(SuiteRunner.java:413)\n\tat org.testng.SuiteRunner.privateRun(SuiteRunner.java:373)\n\tat org.testng.SuiteRunner.run(SuiteRunner.java:312)\n\tat org.testng.SuiteRunnerWorker.runSuite(SuiteRunnerWorker.java:52)\n\tat org.testng.SuiteRunnerWorker.run(SuiteRunnerWorker.java:95)\n\tat org.testng.TestNG.runSuitesSequentially(TestNG.java:1274)\n\tat org.testng.TestNG.runSuitesLocally(TestNG.java:1208)\n\tat org.testng.TestNG.runSuites(TestNG.java:1112)\n\tat org.testng.TestNG.run(TestNG.java:1079)\n\tat org.apache.maven.surefire.testng.TestNGExecutor.run(TestNGExecutor.java:155)\n\tat org.apache.maven.surefire.testng.TestNGDirectoryTestSuite.executeMulti(TestNGDirectoryTestSuite.java:169)\n\tat org.apache.maven.surefire.testng.TestNGDirectoryTestSuite.execute(TestNGDirectoryTestSuite.java:88)\n\tat org.apache.maven.surefire.testng.TestNGProvider.invoke(TestNGProvider.java:137)\n\tat org.apache.maven.surefire.booter.ForkedBooter.runSuitesInProcess(ForkedBooter.java:385)\n\tat org.apache.maven.surefire.booter.ForkedBooter.execute(ForkedBooter.java:162)\n\tat org.apache.maven.surefire.booter.ForkedBooter.run(ForkedBooter.java:507)\n\tat org.apache.maven.surefire.booter.ForkedBooter.main(ForkedBooter.java:495)\n"},"stage":"finished","steps":[{"name":"Given user is on landing page","status":"broken","statusDetails":{"known":false,"muted":false,"flaky":false,"message":"Error {\n  message='Protocol error (Page.navigate): Cannot navigate to invalid URL\n  name='Error\n  stack='Error: Protocol error (Page.navigate): Cannot navigate to invalid URL\n    at /private/var/folders/v5/dvvw06px0d1546yb88yrx_cw0000gn/T/playwright-java-11618111062388944720/package/lib/server/chromium/crConnection.js:116:57\n    at new Promise (<anonymous>)\n    at CRSession.send (/private/var/folders/v5/dvvw06px0d1546yb88yrx_cw0000gn/T/playwright-java-11618111062388944720/package/lib/server/chromium/crConnection.js:115:12)\n    at FrameSession._navigate (/private/var/folders/v5/dvvw06px0d1546yb88yrx_cw0000gn/T/playwright-java-11618111062388944720/package/lib/server/chromium/crPage.js:487:41)\n    at CRPage.navigateFrame (/private/var/folders/v5/dvvw06px0d1546yb88yrx_cw0000gn/T/playwright-java-11618111062388944720/package/lib/server/chromium/crPage.js:134:41)\n    at Frame.gotoImpl (/private/var/folders/v5/dvvw06px0d1546yb88yrx_cw0000gn/T/playwright-java-11618111062388944720/package/lib/server/frames.js:517:68)\n    at /private/var/folders/v5/dvvw06px0d1546yb88yrx_cw0000gn/T/playwright-java-11618111062388944720/package/lib/server/frames.js:500:65\n    at Frame.raceNavigationAction (/private/var/folders/v5/dvvw06px0d1546yb88yrx_cw0000gn/T/playwright-java-11618111062388944720/package/lib/server/frames.js:478:8)\n    at Frame.goto (/private/var/folders/v5/dvvw06px0d1546yb88yrx_cw0000gn/T/playwright-java-11618111062388944720/package/lib/server/frames.js:500:17)\n    at FrameDispatcher.goto (/private/var/folders/v5/dvvw06px0d1546yb88yrx_cw0000gn/T/playwright-java-11618111062388944720/package/lib/server/dispatchers/frameDispatcher.js:70:132)\n}\nCall log:\n-   - navigating to \"\", waiting until \"load\"\n","trace":"com.microsoft.playwright.PlaywrightException: Error {\n  message='Protocol error (Page.navigate): Cannot navigate to invalid URL\n  name='Error\n  stack='Error: Protocol error (Page.navigate): Cannot navigate to invalid URL\n    at /private/var/folders/v5/dvvw06px0d1546yb88yrx_cw0000gn/T/playwright-java-11618111062388944720/package/lib/server/chromium/crConnection.js:116:57\n    at new Promise (<anonymous>)\n    at CRSession.send (/private/var/folders/v5/dvvw06px0d1546yb88yrx_cw0000gn/T/playwright-java-11618111062388944720/package/lib/server/chromium/crConnection.js:115:12)\n    at FrameSession._navigate (/private/var/folders/v5/dvvw06px0d1546yb88yrx_cw0000gn/T/playwright-java-11618111062388944720/package/lib/server/chromium/crPage.js:487:41)\n    at CRPage.navigateFrame (/private/var/folders/v5/dvvw06px0d1546yb88yrx_cw0000gn/T/playwright-java-11618111062388944720/package/lib/server/chromium/crPage.js:134:41)\n    at Frame.gotoImpl (/private/var/folders/v5/dvvw06px0d1546yb88yrx_cw0000gn/T/playwright-java-11618111062388944720/package/lib/server/frames.js:517:68)\n    at /private/var/folders/v5/dvvw06px0d1546yb88yrx_cw0000gn/T/playwright-java-11618111062388944720/package/lib/server/frames.js:500:65\n    at Frame.raceNavigationAction (/private/var/folders/v5/dvvw06px0d1546yb88yrx_cw0000gn/T/playwright-java-11618111062388944720/package/lib/server/frames.js:478:8)\n    at Frame.goto (/private/var/folders/v5/dvvw06px0d1546yb88yrx_cw0000gn/T/playwright-java-11618111062388944720/package/lib/server/frames.js:500:17)\n    at FrameDispatcher.goto (/private/var/folders/v5/dvvw06px0d1546yb88yrx_cw0000gn/T/playwright-java-11618111062388944720/package/lib/server/dispatchers/frameDispatcher.js:70:132)\n}\nCall log:\n-   - navigating to \"\", waiting until \"load\"\n\n\tat com.microsoft.playwright.impl.WaitableResult.get(WaitableResult.java:56)\n\tat com.microsoft.playwright.impl.ChannelOwner.runUntil(ChannelOwner.java:138)\n\tat com.microsoft.playwright.impl.Connection.sendMessage(Connection.java:131)\n\tat com.microsoft.playwright.impl.ChannelOwner.sendMessage(ChannelOwner.java:124)\n\tat com.microsoft.playwright.impl.FrameImpl.navigateImpl(FrameImpl.java:419)\n\tat com.microsoft.playwright.impl.PageImpl.navigate(PageImpl.java:930)\n\tat com.microsoft.playwright.impl.PageImpl.navigate(PageImpl.java:43)\n\tat com.microsoft.playwright.Page.navigate(Page.java:5491)\n\tat com.parabank.steps.LoginSteps.user_is_on_landing_page(LoginSteps.java:28)\n\tat ✽.user is on landing page(file:///Users/srinivasrao/Documents/adler/Parabank/src/test/resources/features/login.feature:4)\nCaused by: com.microsoft.playwright.impl.DriverException: Error {\n  message='Protocol error (Page.navigate): Cannot navigate to invalid URL\n  name='Error\n  stack='Error: Protocol error (Page.navigate): Cannot navigate to invalid URL\n    at /private/var/folders/v5/dvvw06px0d1546yb88yrx_cw0000gn/T/playwright-java-11618111062388944720/package/lib/server/chromium/crConnection.js:116:57\n    at new Promise (<anonymous>)\n    at CRSession.send (/private/var/folders/v5/dvvw06px0d1546yb88yrx_cw0000gn/T/playwright-java-11618111062388944720/package/lib/server/chromium/crConnection.js:115:12)\n    at FrameSession._navigate (/private/var/folders/v5/dvvw06px0d1546yb88yrx_cw0000gn/T/playwright-java-11618111062388944720/package/lib/server/chromium/crPage.js:487:41)\n    at CRPage.navigateFrame (/private/var/folders/v5/dvvw06px0d1546yb88yrx_cw0000gn/T/playwright-java-11618111062388944720/package/lib/server/chromium/crPage.js:134:41)\n    at Frame.gotoImpl (/private/var/folders/v5/dvvw06px0d1546yb88yrx_cw0000gn/T/playwright-java-11618111062388944720/package/lib/server/frames.js:517:68)\n    at /private/var/folders/v5/dvvw06px0d1546yb88yrx_cw0000gn/T/playwright-java-11618111062388944720/package/lib/server/frames.js:500:65\n    at Frame.raceNavigationAction (/private/var/folders/v5/dvvw06px0d1546yb88yrx_cw0000gn/T/playwright-java-11618111062388944720/package/lib/server/frames.js:478:8)\n    at Frame.goto (/private/var/folders/v5/dvvw06px0d1546yb88yrx_cw0000gn/T/playwright-java-11618111062388944720/package/lib/server/frames.js:500:17)\n    at FrameDispatcher.goto (/private/var/folders/v5/dvvw06px0d1546yb88yrx_cw0000gn/T/playwright-java-11618111062388944720/package/lib/server/dispatchers/frameDispatcher.js:70:132)\n}\nCall log:\n-   - navigating to \"\", waiting until \"load\"\n\n\tat com.microsoft.playwright.impl.Connection.dispatch(Connection.java:262)\n\tat com.microsoft.playwright.impl.Connection.processOneMessage(Connection.java:214)\n\tat com.microsoft.playwright.impl.ChannelOwner.runUntil(ChannelOwner.java:136)\n\tat com.microsoft.playwright.impl.Connection.sendMessage(Connection.java:131)\n\tat com.microsoft.playwright.impl.ChannelOwner.sendMessage(ChannelOwner.java:124)\n\tat com.microsoft.playwright.impl.FrameImpl.navigateImpl(FrameImpl.java:419)\n\tat com.microsoft.playwright.impl.PageImpl.navigate(PageImpl.java:930)\n\tat com.microsoft.playwright.impl.PageImpl.navigate(PageImpl.java:43)\n\tat com.microsoft.playwright.Page.navigate(Page.java:5491)\n\tat com.parabank.steps.LoginSteps.user_is_on_landing_page(LoginSteps.java:28)\n\tat java.base/jdk.internal.reflect.DirectMethodHandleAccessor.invoke(DirectMethodHandleAccessor.java:103)\n\tat java.base/java.lang.reflect.Method.invoke(Method.java:580)\n\tat io.cucumber.java.Invoker.doInvoke(Invoker.java:66)\n\tat io.cucumber.java.Invoker.invoke(Invoker.java:24)\n\tat io.cucumber.java.AbstractGlueDefinition.invokeMethod(AbstractGlueDefinition.java:47)\n\tat io.cucumber.java.JavaStepDefinition.execute(JavaStepDefinition.java:29)\n\tat io.cucumber.core.runner.CoreStepDefinition.execute(CoreStepDefinition.java:66)\n\tat io.cucumber.core.runner.PickleStepDefinitionMatch.runStep(PickleStepDefinitionMatch.java:63)\n\tat io.cucumber.core.runner.ExecutionMode$1.execute(ExecutionMode.java:10)\n\tat io.cucumber.core.runner.TestStep.executeStep(TestStep.java:84)\n\tat io.cucumber.core.runner.TestStep.run(TestStep.java:56)\n\tat io.cucumber.core.runner.PickleStepTestStep.run(PickleStepTestStep.java:51)\n\tat io.cucumber.core.runner.TestCase.run(TestCase.java:84)\n\tat io.cucumber.core.runner.Runner.runPickle(Runner.java:75)\n\tat io.cucumber.testng.TestNGCucumberRunner.lambda$runScenario$1(TestNGCucumberRunner.java:132)\n\tat io.cucumber.core.runtime.CucumberExecutionContext.lambda$runTestCase$5(CucumberExecutionContext.java:137)\n\tat io.cucumber.core.runtime.RethrowingThrowableCollector.executeAndThrow(RethrowingThrowableCollector.java:23)\n\tat io.cucumber.core.runtime.CucumberExecutionContext.runTestCase(CucumberExecutionContext.java:137)\n\tat io.cucumber.testng.TestNGCucumberRunner.runScenario(TestNGCucumberRunner.java:129)\n\tat io.cucumber.testng.AbstractTestNGCucumberTests.runScenario(AbstractTestNGCucumberTests.java:35)\n\tat java.base/jdk.internal.reflect.DirectMethodHandleAccessor.invoke(DirectMethodHandleAccessor.java:103)\n\tat java.base/java.lang.reflect.Method.invoke(Method.java:580)\n\tat org.testng.internal.invokers.MethodInvocationHelper.invokeMethod(MethodInvocationHelper.java:141)\n\tat org.testng.internal.invokers.TestInvoker.invokeMethod(TestInvoker.java:687)\n\tat org.testng.internal.invokers.TestInvoker.invokeTestMethod(TestInvoker.java:230)\n\tat org.testng.internal.invokers.MethodRunner.runInSequence(MethodRunner.java:63)\n\tat org.testng.internal.invokers.TestInvoker$MethodInvocationAgent.invoke(TestInvoker.java:995)\n\tat org.testng.internal.invokers.TestInvoker.invokeTestMethods(TestInvoker.java:203)\n\tat org.testng.internal.invokers.TestMethodWorker.invokeTestMethods(TestMethodWorker.java:154)\n\tat org.testng.internal.invokers.TestMethodWorker.run(TestMethodWorker.java:134)\n\tat java.base/java.util.ArrayList.forEach(ArrayList.java:1596)\n\tat org.testng.TestRunner.privateRun(TestRunner.java:741)\n\tat org.testng.TestRunner.run(TestRunner.java:616)\n\tat org.testng.SuiteRunner.runTest(SuiteRunner.java:421)\n\tat org.testng.SuiteRunner.runSequentially(SuiteRunner.java:413)\n\tat org.testng.SuiteRunner.privateRun(SuiteRunner.java:373)\n\tat org.testng.SuiteRunner.run(SuiteRunner.java:312)\n\tat org.testng.SuiteRunnerWorker.runSuite(SuiteRunnerWorker.java:52)\n\tat org.testng.SuiteRunnerWorker.run(SuiteRunnerWorker.java:95)\n\tat org.testng.TestNG.runSuitesSequentially(TestNG.java:1274)\n\tat org.testng.TestNG.runSuitesLocally(TestNG.java:1208)\n\tat org.testng.TestNG.runSuites(TestNG.java:1112)\n\tat org.testng.TestNG.run(TestNG.java:1079)\n\tat org.apache.maven.surefire.testng.TestNGExecutor.run(TestNGExecutor.java:155)\n\tat org.apache.maven.surefire.testng.TestNGDirectoryTestSuite.executeMulti(TestNGDirectoryTestSuite.java:169)\n\tat org.apache.maven.surefire.testng.TestNGDirectoryTestSuite.execute(TestNGDirectoryTestSuite.java:88)\n\tat org.apache.maven.surefire.testng.TestNGProvider.invoke(TestNGProvider.java:137)\n\tat org.apache.maven.surefire.booter.ForkedBooter.runSuitesInProcess(ForkedBooter.java:385)\n\tat org.apache.maven.surefire.booter.ForkedBooter.execute(ForkedBooter.java:162)\n\tat org.apache.maven.surefire.booter.ForkedBooter.run(ForkedBooter.java:507)\n\tat org.apache.maven.surefire.booter.ForkedBooter.main(ForkedBooter.java:495)\n"},"stage":"finished","steps":[],"attachments":[],"parameters":[],"start":1764673197740,"stop":1764673200868},{"name":"When user enters username","status":"skipped","statusDetails":{"known":false,"muted":false,"flaky":false},"stage":"finished","steps":[],"attachments":[],"parameters":[],"start":1764673200869,"stop":1764673200870},{"name":"And user enters password","status":"skipped","statusDetails":{"known":false,"muted":false,"flaky":false},"stage":"finished","steps":[],"attachments":[],"parameters":[],"start":1764673200870,"stop":1764673200870},{"name":"And user clicks on login button","status":"skipped","statusDetails":{"known":false,"muted":false,"flaky":false},"stage":"finished","steps":[],"attachments":[],"parameters":[],"start":1764673200870,"stop":1764673200870},{"name":"Then user can see total balance","status":"skipped","statusDetails":{"known":false,"muted":false,"flaky":false},"stage":"finished","steps":[],"attachments":[],"parameters":[],"start":1764673200870,"stop":1764673200870}],"attachments":[],"parameters":[],"start":1764673197740,"stop":1764673200871}