{"uuid":"b6220d7e-e300-4112-adfa-2b96422dcc34","historyId":"7adb2ce3f0c54c1217a418d00bdf1cb8","testCaseId":"4597669c7384535fbff4719a625dd30a","fullName":"src/test/resources/features/login.feature:3","labels":[{"name":"host","value":"Srinivass-MacBook-Pro.local"},{"name":"thread","value":"20698@Srinivass-MacBook-Pro.local.main(1)"},{"name":"feature","value":"Login into Para bank"},{"name":"story","value":"Login into para bank with valid credentials"},{"name":"suite","value":"Login into Para bank"},{"name":"testClass","value":"Login into para bank with valid credentials"},{"name":"framework","value":"cucumber4jvm"},{"name":"language","value":"java"},{"name":"gherkin_uri","value":"file:///Users/srinivasrao/Documents/adler/Parabank/src/test/resources/features/login.feature"},{"name":"package","value":"src.test.resources.features.login_feature.Login into Para bank"}],"links":[],"name":"Login into para bank with valid credentials","status":"failed","statusDetails":{"known":false,"muted":false,"flaky":false,"message":"expected [true] but found [false]","trace":"java.lang.AssertionError: expected [true] but found [false]\n\tat org.testng.Assert.fail(Assert.java:111)\n\tat org.testng.Assert.failNotEquals(Assert.java:1590)\n\tat org.testng.Assert.assertTrue(Assert.java:57)\n\tat org.testng.Assert.assertTrue(Assert.java:67)\n\tat com.parabank.steps.LoginSteps.user_can_see_total_balance(LoginSteps.java:53)\n\tat ✽.user can see total balance(file:///Users/srinivasrao/Documents/adler/Parabank/src/test/resources/features/login.feature:8)\n"},"stage":"finished","steps":[{"name":"Given user is on landing page","status":"passed","statusDetails":{"known":false,"muted":false,"flaky":false},"stage":"finished","steps":[],"attachments":[],"parameters":[],"start":1764674022695,"stop":1764674027400},{"name":"When user enters username","status":"passed","statusDetails":{"known":false,"muted":false,"flaky":false},"stage":"finished","steps":[],"attachments":[],"parameters":[],"start":1764674027401,"stop":1764674027427},{"name":"And user enters password","status":"passed","statusDetails":{"known":false,"muted":false,"flaky":false},"stage":"finished","steps":[],"attachments":[],"parameters":[],"start":1764674027427,"stop":1764674027444},{"name":"And user clicks on login button","status":"passed","statusDetails":{"known":false,"muted":false,"flaky":false},"stage":"finished","steps":[],"attachments":[],"parameters":[],"start":1764674027444,"stop":1764674027793},{"name":"Then user can see total balance","status":"failed","statusDetails":{"known":false,"muted":false,"flaky":false,"message":"expected [true] but found [false]","trace":"java.lang.AssertionError: expected [true] but found [false]\n\tat org.testng.Assert.fail(Assert.java:111)\n\tat org.testng.Assert.failNotEquals(Assert.java:1590)\n\tat org.testng.Assert.assertTrue(Assert.java:57)\n\tat org.testng.Assert.assertTrue(Assert.java:67)\n\tat com.parabank.steps.LoginSteps.user_can_see_total_balance(LoginSteps.java:53)\n\tat ✽.user can see total balance(file:///Users/srinivasrao/Documents/adler/Parabank/src/test/resources/features/login.feature:8)\n"},"stage":"finished","steps":[],"attachments":[],"parameters":[],"start":1764674027793,"stop":1764674027821}],"attachments":[],"parameters":[],"start":1764674022695,"stop":1764674027823}