{"uuid":"f412af13-cb33-47a5-aef3-6a2c6f15498f","historyId":"7adb2ce3f0c54c1217a418d00bdf1cb8","testCaseId":"4597669c7384535fbff4719a625dd30a","fullName":"src/test/resources/features/login.feature:3","labels":[{"name":"host","value":"Srinivass-MacBook-Pro.local"},{"name":"thread","value":"36332@Srinivass-MacBook-Pro.local.main(1)"},{"name":"feature","value":"Login into Para bank"},{"name":"story","value":"Login into para bank with valid credentials"},{"name":"suite","value":"Login into Para bank"},{"name":"testClass","value":"Login into para bank with valid credentials"},{"name":"framework","value":"cucumber4jvm"},{"name":"language","value":"java"},{"name":"gherkin_uri","value":"file:///Users/srinivasrao/Documents/adler/Parabank/src/test/resources/features/login.feature"},{"name":"package","value":"src.test.resources.features.login_feature.Login into Para bank"}],"links":[],"name":"Login into para bank with valid credentials","status":"failed","statusDetails":{"known":false,"muted":false,"flaky":false,"message":"expected [true] but found [false]","trace":"java.lang.AssertionError: expected [true] but found [false]\n\tat org.testng.Assert.fail(Assert.java:111)\n\tat org.testng.Assert.failNotEquals(Assert.java:1590)\n\tat org.testng.Assert.assertTrue(Assert.java:57)\n\tat org.testng.Assert.assertTrue(Assert.java:67)\n\tat com.parabank.steps.LoginSteps.user_can_see_total_balance(LoginSteps.java:59)\n\tat ✽.user can see total balance(file:///Users/srinivasrao/Documents/adler/Parabank/src/test/resources/features/login.feature:8)\n"},"stage":"finished","steps":[{"name":"Given user is on landing page","status":"passed","statusDetails":{"known":false,"muted":false,"flaky":false},"stage":"finished","steps":[],"attachments":[],"parameters":[],"start":1764690429070,"stop":1764690433515},{"name":"When user enters username","status":"passed","statusDetails":{"known":false,"muted":false,"flaky":false},"stage":"finished","steps":[],"attachments":[],"parameters":[],"start":1764690433517,"stop":1764690433556},{"name":"And user enters password","status":"passed","statusDetails":{"known":false,"muted":false,"flaky":false},"stage":"finished","steps":[],"attachments":[],"parameters":[],"start":1764690433556,"stop":1764690433570},{"name":"And user clicks on login button","status":"passed","statusDetails":{"known":false,"muted":false,"flaky":false},"stage":"finished","steps":[],"attachments":[],"parameters":[],"start":1764690433570,"stop":1764690434094},{"name":"Then user can see total balance","status":"failed","statusDetails":{"known":false,"muted":false,"flaky":false,"message":"expected [true] but found [false]","trace":"java.lang.AssertionError: expected [true] but found [false]\n\tat org.testng.Assert.fail(Assert.java:111)\n\tat org.testng.Assert.failNotEquals(Assert.java:1590)\n\tat org.testng.Assert.assertTrue(Assert.java:57)\n\tat org.testng.Assert.assertTrue(Assert.java:67)\n\tat com.parabank.steps.LoginSteps.user_can_see_total_balance(LoginSteps.java:59)\n\tat ✽.user can see total balance(file:///Users/srinivasrao/Documents/adler/Parabank/src/test/resources/features/login.feature:8)\n"},"stage":"finished","steps":[],"attachments":[],"parameters":[],"start":1764690434094,"stop":1764690434119}],"attachments":[],"parameters":[],"start":1764690429069,"stop":1764690434121}