<?xml version="1.0" encoding="UTF-8"?>
<testng-results ignored="0" total="2" passed="1" failed="1" skipped="0">
  <reporter-output>
  </reporter-output>
  <suite started-at="2025-12-02T23:15:49 IST" name="Default suite" finished-at="2025-12-02T23:15:59 IST" duration-ms="9624">
    <groups>
      <group name="cucumber">
        <method signature="AbstractTestNGCucumberTests.runScenario(io.cucumber.testng.PickleWrapper,io.cucumber.testng.FeatureWrapper)[pri:0, instance:com.parabank.tests.RunnerTest@332a7fce]" name="runScenario" class="io.cucumber.testng.AbstractTestNGCucumberTests"/>
      </group> <!-- cucumber -->
    </groups>
    <test started-at="2025-12-02T23:15:49 IST" name="Default test" finished-at="2025-12-02T23:15:59 IST" duration-ms="9624">
      <class name="com.parabank.tests.RunnerTest">
        <test-method is-config="true" signature="setUpClass(org.testng.ITestContext)[pri:0, instance:com.parabank.tests.RunnerTest@332a7fce]" started-at="2025-12-02T23:15:49 IST" name="setUpClass" finished-at="2025-12-02T23:15:50 IST" duration-ms="329" status="PASS">
          <params>
            <param index="0">
              <value>
                <![CDATA[org.testng.TestRunner@20a9f5fb]]>
              </value>
            </param>
          </params>
          <reporter-output>
          </reporter-output>
        </test-method> <!-- setUpClass -->
        <test-method signature="runScenario(io.cucumber.testng.PickleWrapper,io.cucumber.testng.FeatureWrapper)[pri:0, instance:com.parabank.tests.RunnerTest@332a7fce]" started-at="2025-12-02T23:15:50 IST" name="runScenario" description="Runs Cucumber Scenarios" data-provider="scenarios" finished-at="2025-12-02T23:15:56 IST" duration-ms="6360" status="FAIL">
          <params>
            <param index="0">
              <value>
                <![CDATA["Login into para bank with valid credentials"]]>
              </value>
            </param>
            <param index="1">
              <value>
                <![CDATA["Login into Para bank"]]>
              </value>
            </param>
          </params>
          <exception class="java.lang.AssertionError">
            <message>
              <![CDATA[expected [true] but found [false]]]>
            </message>
            <full-stacktrace>
              <![CDATA[java.lang.AssertionError: expected [true] but found [false]
at org.testng.Assert.fail(Assert.java:111)
at org.testng.Assert.failNotEquals(Assert.java:1590)
at org.testng.Assert.assertTrue(Assert.java:57)
at org.testng.Assert.assertTrue(Assert.java:67)
at com.parabank.steps.LoginSteps.user_can_see_total_balance(LoginSteps.java:59)
at âœ½.user can see total balance(file:///Users/srinivasrao/Documents/adler/Parabank/src/test/resources/features/login.feature:8)
]]>
            </full-stacktrace>
          </exception> <!-- java.lang.AssertionError -->
          <reporter-output>
          </reporter-output>
        </test-method> <!-- runScenario -->
        <test-method signature="runScenario(io.cucumber.testng.PickleWrapper,io.cucumber.testng.FeatureWrapper)[pri:0, instance:com.parabank.tests.RunnerTest@332a7fce]" started-at="2025-12-02T23:15:56 IST" name="runScenario" description="Runs Cucumber Scenarios" data-provider="scenarios" finished-at="2025-12-02T23:15:59 IST" duration-ms="2901" status="PASS">
          <params>
            <param index="0">
              <value>
                <![CDATA["User submitting details to customter care"]]>
              </value>
            </param>
            <param index="1">
              <value>
                <![CDATA["Login into Para bank"]]>
              </value>
            </param>
          </params>
          <reporter-output>
          </reporter-output>
        </test-method> <!-- runScenario -->
        <test-method is-config="true" signature="tearDownClass()[pri:0, instance:com.parabank.tests.RunnerTest@332a7fce]" started-at="2025-12-02T23:15:59 IST" name="tearDownClass" finished-at="2025-12-02T23:15:59 IST" duration-ms="4" status="PASS">
          <reporter-output>
          </reporter-output>
        </test-method> <!-- tearDownClass -->
      </class> <!-- com.parabank.tests.RunnerTest -->
    </test> <!-- Default test -->
  </suite> <!-- Default suite -->
</testng-results>
