<?xml version="1.0" encoding="UTF-8"?>
<!-- Generated by org.testng.reporters.JUnitReportReporter -->
<testsuite hostname="Srinivass-MacBook-Pro.local" failures="1" tests="1" name="com.parabank.tests.RunnerTest" time="5.189" errors="0" timestamp="2025-12-02T16:43:47 IST" skipped="0">
  <testcase classname="com.parabank.tests.RunnerTest" name="runScenario" time="5.189">
    <failure message="expected [true] but found [false]" type="java.lang.AssertionError">
      <![CDATA[java.lang.AssertionError: expected [true] but found [false]
at org.testng.Assert.fail(Assert.java:111)
at org.testng.Assert.failNotEquals(Assert.java:1590)
at org.testng.Assert.assertTrue(Assert.java:57)
at org.testng.Assert.assertTrue(Assert.java:67)
at com.parabank.steps.LoginSteps.user_can_see_total_balance(LoginSteps.java:53)
at âœ½.user can see total balance(file:///Users/srinivasrao/Documents/adler/Parabank/src/test/resources/features/login.feature:8)
]]>
    </failure>
  </testcase> <!-- runScenario -->
</testsuite> <!-- com.parabank.tests.RunnerTest -->
